[0m17:24:04.324667 [debug] [MainThread]: Sending event: {'category': 'dbt', 'action': 'invocation', 'label': 'start', 'context': [<snowplow_tracker.self_describing_json.SelfDescribingJson object at 0x107ade2a0>, <snowplow_tracker.self_describing_json.SelfDescribingJson object at 0x108d32cf0>, <snowplow_tracker.self_describing_json.SelfDescribingJson object at 0x108d32ab0>]}


============================== 17:24:04.327335 | f86926d2-6b63-4807-a55b-d95ffb751848 ==============================
[0m17:24:04.327335 [info ] [MainThread]: Running with dbt=1.8.3
[0m17:24:04.327638 [debug] [MainThread]: running dbt with arguments {'printer_width': '80', 'indirect_selection': 'eager', 'log_cache_events': 'False', 'write_json': 'True', 'partial_parse': 'True', 'cache_selected_only': 'False', 'warn_error': 'None', 'fail_fast': 'False', 'version_check': 'True', 'log_path': 'logs', 'profiles_dir': '/Users/hassaan/.dbt', 'debug': 'False', 'use_colors': 'True', 'use_experimental_parser': 'False', 'no_print': 'None', 'quiet': 'False', 'empty': 'None', 'log_format': 'default', 'invocation_command': 'dbt init', 'warn_error_options': 'WarnErrorOptions(include=[], exclude=[])', 'introspect': 'True', 'target_path': 'None', 'static_parser': 'True', 'send_anonymous_usage_stats': 'True'}
[0m17:24:04.336614 [warn ] [MainThread]: [ConfigFolderDirectory]: Unable to parse dict {'dir': PosixPath('/Users/hassaan/.dbt')}
[0m17:24:04.336830 [info ] [MainThread]: Creating dbt configuration folder at 
[0m17:24:13.207583 [debug] [MainThread]: Starter project path: /Library/Frameworks/Python.framework/Versions/3.12/lib/python3.12/site-packages/dbt/include/starter_project
[0m17:24:13.216823 [info ] [MainThread]: 
Your new dbt project "custom_postgres" was created!

For more information on how to configure the profiles.yml file,
please consult the dbt documentation here:

  https://docs.getdbt.com/docs/configure-your-profile

One more thing:

Need help? Don't hesitate to reach out to us via GitHub issues or on Slack:

  https://community.getdbt.com/

Happy modeling!

[0m17:24:13.217271 [info ] [MainThread]: Setting up your profile.
[0m18:06:36.958395 [info ] [MainThread]: Profile custom_postgres written to /Users/hassaan/.dbt/profiles.yml using target's profile_template.yml and your supplied values. Run 'dbt debug' to validate the connection.
[0m18:06:36.972777 [debug] [MainThread]: Resource report: {"command_name": "init", "command_success": true, "command_wall_clock_time": 1333.7324, "process_user_time": 0.649532, "process_kernel_time": 0.165087, "process_mem_max_rss": "99155968", "process_in_blocks": "0", "process_out_blocks": "0"}
[0m18:06:36.975518 [debug] [MainThread]: Command `dbt init` succeeded at 18:06:36.974645 after 1333.74 seconds
[0m18:06:36.979312 [debug] [MainThread]: Sending event: {'category': 'dbt', 'action': 'invocation', 'label': 'end', 'context': [<snowplow_tracker.self_describing_json.SelfDescribingJson object at 0x107adf560>, <snowplow_tracker.self_describing_json.SelfDescribingJson object at 0x1078120f0>, <snowplow_tracker.self_describing_json.SelfDescribingJson object at 0x10aa47ec0>]}
[0m18:06:36.981101 [debug] [MainThread]: Flushing usage events
